2026-04-07 16:34:53, MOVE, v:1, k:fup@bala, mode:PICK
2026-04-07 16:37:36, MOVE, v:1, k:fup@bala, mode:BACK
2026-04-07 16:54:57, MOVE, v:1, k:fup@bala, mode:PICK
2026-04-07 16:55:09, EXEC, v:1, k:fup@bala, mode:FULL, rate:16, size:29
2026-04-07 16:55:13, EXEC, v:1, k:fup@bala, mode:FREE
2026-04-07 16:56:39, EXEC, v:1, k:fup@bala, mode:FREE
2026-04-07 17:03:17, EXEC, v:1, k:fup@bala, mode:FREE, size:29
2026-04-07 17:03:45, EXEC, v:1, k:fup@bala, mode:FREE, size:23
2026-04-07 17:09:09, EXEC, v:1, k:fup@bala, mode:FULL, rate:16
2026-04-07 17:12:27, EXEC, v:1, k:fup@bala, mode:FREE
2026-04-07 17:15:08, MOVE, v:1, k:fup@bala, mode:BACK
2026-04-07 17:16:14, SELF, v:1, k:fup@bala, self:1, rate:16, study:45
2026-04-07 17:16:37, MOVE, v:1, k:fup@bala, mode:PICK
2026-04-07 17:16:40, EXEC, v:1, k:fup@bala, mode:FREE, size:23
2026-04-07 17:17:23, EXEC, v:1, k:fup@bala, mode:FULL, rate:100
2026-04-07 17:17:25, MOVE, v:1, k:fup@bala, mode:BACK
2026-04-07 17:17:35, MOVE, v:1, k:fup@pintando, mode:PICK
2026-04-07 17:17:37, MOVE, v:1, k:fup@pintando, mode:BACK
2026-04-07 17:17:40, MOVE, v:1, k:fup@pintando, mode:PICK
2026-04-07 17:17:43, EXEC, v:1, k:fup@pintando, mode:FULL, rate:100, size:23
2026-04-07 17:17:49, MOVE, v:1, k:fup@pintando, mode:BACK
2026-04-07 17:18:02, SELF, v:1, k:fup@pintando, self:1, rate:100, concept:1
2026-04-07 17:18:07, MOVE, v:1, k:fup@sobrou, mode:PICK
2026-04-07 17:18:08, EXEC, v:1, k:fup@sobrou, mode:FULL, rate:0, size:30
2026-04-07 17:18:11, EXEC, v:1, k:fup@sobrou, mode:FULL, rate:0
2026-04-07 17:20:39, EXEC, v:1, k:fup@sobrou, mode:FULL, rate:100, size:30
2026-04-07 17:20:53, MOVE, v:1, k:fup@sobrou, mode:BACK
2026-04-07 17:20:59, MOVE, v:1, k:fup@sobrou, mode:PICK
2026-04-07 17:21:04, EXEC, v:1, k:fup@sobrou, mode:FULL, rate:100
2026-04-07 17:21:23, EXEC, v:1, k:fup@sobrou, mode:FULL, rate:100
2026-04-07 17:21:26, MOVE, v:1, k:fup@sobrou, mode:BACK
2026-04-07 17:21:29, MOVE, v:1, k:fup@sobrou, mode:PICK
2026-04-07 17:21:39, EXEC, v:1, k:fup@sobrou, mode:FULL, rate:100
2026-04-07 17:21:43, EXEC, v:1, k:fup@sobrou, mode:FREE
2026-04-07 17:23:03, MOVE, v:1, k:fup@sobrou, mode:BACK
2026-04-07 17:23:15, MOVE, v:1, k:fup@sobrou, mode:PICK
2026-04-07 17:23:19, EXEC, v:1, k:fup@sobrou, mode:FULL, rate:100
2026-04-07 17:23:21, EXEC, v:1, k:fup@sobrou, mode:FULL, rate:100
2026-04-07 17:23:24, EXEC, v:1, k:fup@sobrou, mode:FULL, rate:100
2026-04-07 17:23:27, MOVE, v:1, k:fup@sobrou, mode:BACK
2026-04-07 17:23:43, SELF, v:1, k:fup@sobrou, self:1, rate:100, friend:Isabela
2026-04-07 17:23:46, MOVE, v:1, k:fup@sobrou, mode:PICK
2026-04-07 17:23:47, EXEC, v:1, k:fup@sobrou, mode:FULL, rate:100
2026-04-07 17:23:49, MOVE, v:1, k:fup@sobrou, mode:BACK
2026-04-07 17:24:22, MOVE, v:1, k:fup@segundos, mode:PICK
2026-04-07 17:24:26, EXEC, v:1, k:fup@segundos, mode:FULL, rate:100
2026-04-07 17:24:28, MOVE, v:1, k:fup@segundos, mode:BACK
2026-04-07 17:27:35, MOVE, v:1, k:fup@abs, mode:DOWN
2026-04-07 17:28:14, MOVE, v:1, k:fup@abs, mode:PICK
2026-04-07 17:28:18, EXEC, v:1, k:fup@abs, mode:FULL, rate:0, size:5
2026-04-07 17:28:17, MOVE, v:1, k:fup@abs, mode:EDIT
2026-04-07 17:47:48, MOVE, v:1, k:fup@abs, mode:EDIT
2026-04-07 17:54:23, MOVE, v:1, k:fup@abs, mode:EDIT
2026-04-07 18:13:00, MOVE, v:1, k:fup@abs, mode:EDIT
2026-04-07 18:17:52, MOVE, v:1, k:fup@abs, mode:EDIT
2026-04-07 18:18:47, EXEC, v:1, k:fup@abs, mode:FULL, rate:100, size:18
2026-04-07 18:19:04, MOVE, v:1, k:fup@abs, mode:BACK
2026-04-07 18:19:43, SELF, v:1, k:fup@abs, self:1, rate:100, study:40, concept:1
