2026-04-14 16:41:06, MOVE, v:1, k:sandbox@user_001, mode:PICK
2026-04-14 16:41:01, MOVE, v:1, k:sandbox@user_001, mode:EDIT
2026-04-14 16:42:16, MOVE, v:1, k:sandbox@user_001, mode:EDIT
2026-04-14 16:48:43, MOVE, v:1, k:sandbox@user_001, mode:EDIT
2026-04-14 16:54:01, MOVE, v:1, k:sandbox@user_001, mode:EDIT
2026-04-14 16:59:01, MOVE, v:1, k:sandbox@user_001, mode:EDIT
2026-04-14 16:59:25, EXEC, v:1, k:sandbox@user_001, mode:LOCK, rate:0, size:9
2026-04-14 17:00:29, EXEC, v:1, k:sandbox@user_001, mode:LOCK, rate:0, size:11
2026-04-14 17:00:45, EXEC, v:1, k:sandbox@user_001, mode:LOCK, rate:0, size:11
2026-04-14 17:01:27, EXEC, v:1, k:sandbox@user_001, mode:FREE
2026-04-14 17:01:52, EXEC, v:1, k:sandbox@user_001, mode:FREE
2026-04-14 17:02:11, EXEC, v:1, k:sandbox@user_001, mode:FREE
2026-04-14 17:03:54, MOVE, v:1, k:sandbox@user_001, mode:EDIT
2026-04-14 17:02:11, MOVE, v:1, k:sandbox@user_001, mode:EDIT
2026-04-14 17:14:00, MOVE, v:1, k:sandbox@user_001, mode:EDIT
2026-04-14 17:15:59, EXEC, v:1, k:sandbox@user_001, mode:FREE, size:17
2026-04-14 17:16:11, EXEC, v:1, k:sandbox@user_001, mode:LOCK, rate:0
2026-04-14 17:16:26, MOVE, v:1, k:sandbox@user_001, mode:BACK
2026-04-14 17:16:26, MOVE, v:1, k:sandbox@user_001, mode:PICK
2026-04-14 17:16:30, EXEC, v:1, k:sandbox@user_001, mode:FREE, size:17
2026-04-14 17:16:24, MOVE, v:1, k:sandbox@user_001, mode:EDIT
2026-04-14 17:16:30, MOVE, v:1, k:sandbox@user_001, mode:EDIT
2026-04-14 17:21:13, MOVE, v:1, k:sandbox@user_001, mode:EDIT
2026-04-14 17:21:29, MOVE, v:1, k:sandbox@user_001, mode:EDIT
2026-04-14 17:34:01, MOVE, v:1, k:sandbox@user_001, mode:BACK
2026-04-14 17:34:54, MOVE, v:1, k:fup@vet_i, mode:DOWN
2026-04-14 17:34:58, MOVE, v:1, k:fup@vet_i, mode:PICK
2026-04-14 17:34:54, MOVE, v:1, k:fup@vet_i, mode:EDIT
2026-04-14 17:34:54, MOVE, v:1, k:fup@vet_i, mode:EDIT
2026-04-14 17:39:01, MOVE, v:1, k:fup@vet_i, mode:EDIT
2026-04-14 17:43:20, MOVE, v:1, k:fup@vet_i, mode:EDIT
2026-04-14 17:49:01, MOVE, v:1, k:fup@vet_i, mode:EDIT
2026-04-14 17:53:56, EXEC, v:1, k:fup@vet_i, mode:FULL, rate:50, size:23
2026-04-14 17:53:52, MOVE, v:1, k:fup@vet_i, mode:EDIT
2026-04-14 17:53:56, MOVE, v:1, k:fup@vet_i, mode:EDIT
2026-04-14 17:54:24, EXEC, v:1, k:fup@vet_i, mode:FULL, rate:50, size:23
2026-04-14 17:54:55, EXEC, v:1, k:fup@vet_i, mode:FULL, rate:100, size:23
2026-04-14 17:54:54, MOVE, v:1, k:fup@vet_i, mode:EDIT
2026-04-14 17:54:55, MOVE, v:1, k:fup@vet_i, mode:EDIT
2026-04-14 18:07:22, MOVE, v:1, k:fup@vet_i, mode:BACK
2026-04-14 18:07:30, MOVE, v:1, k:fup@vet_i, mode:EDIT
