2026-03-30 17:02:25, MOVE, v:1, k:fup@sobrou, mode:DOWN
2026-03-30 17:02:34, MOVE, v:1, k:fup@sobrou, mode:PICK
2026-03-30 17:02:39, EXEC, v:1, k:fup@sobrou, mode:FULL, rate:0, size:5
2026-03-30 17:19:37, EXEC, v:1, k:fup@sobrou, mode:FULL, rate:0, size:23
2026-03-30 17:19:38, EXEC, v:1, k:fup@sobrou, mode:FULL, rate:0
2026-03-30 17:19:40, EXEC, v:1, k:fup@sobrou, mode:FULL, rate:0
2026-03-30 17:19:47, EXEC, v:1, k:fup@sobrou, mode:FULL, rate:0
2026-03-30 17:22:04, EXEC, v:1, k:fup@sobrou, mode:FULL, size:27, fail:COMP
2026-03-30 17:22:44, EXEC, v:1, k:fup@sobrou, mode:FULL, size:28, fail:COMP
2026-03-30 17:23:30, EXEC, v:1, k:fup@sobrou, mode:FULL, size:30, fail:COMP
2026-03-30 17:23:48, EXEC, v:1, k:fup@sobrou, mode:FULL, rate:100, size:30
2026-03-30 17:23:53, EXEC, v:1, k:fup@sobrou, mode:FULL, rate:100
2026-03-30 17:24:01, EXEC, v:1, k:fup@sobrou, mode:FULL, rate:100
2026-03-30 17:24:04, EXEC, v:1, k:fup@sobrou, mode:FREE
2026-03-30 17:26:50, MOVE, v:1, k:fup@sobrou, mode:BACK
2026-03-30 17:27:42, SELF, v:1, k:fup@sobrou, self:1, rate:100, friend:Isabela
2026-03-30 17:27:51, MOVE, v:1, k:fup@segundos, mode:DOWN
2026-03-30 17:27:56, MOVE, v:1, k:fup@segundos, mode:PICK
2026-03-30 17:27:58, EXEC, v:1, k:fup@segundos, mode:FULL, rate:0, size:5
2026-03-30 17:28:00, EXEC, v:1, k:fup@segundos, mode:FULL, rate:0
2026-03-30 17:28:02, EXEC, v:1, k:fup@segundos, mode:FULL, rate:0
2026-03-30 17:28:09, MOVE, v:1, k:fup@segundos, mode:BACK
2026-03-30 17:28:12, MOVE, v:1, k:fup@segundos, mode:PICK
2026-03-30 18:22:50, MOVE, v:1, k:fup@segundos, mode:BACK
