2026-04-28 16:40:01, MOVE, v:1, k:sandbox@user_002, mode:PICK
2026-04-28 16:40:03, EXEC, v:1, k:sandbox@user_002, mode:FULL, size:63, fail:COMP
2026-04-28 16:44:33, MOVE, v:1, k:sandbox@user_002, mode:EDIT
2026-04-28 16:47:19, MOVE, v:1, k:sandbox@user_002, mode:EDIT
2026-04-28 16:52:54, MOVE, v:1, k:sandbox@user_002, mode:EDIT
2026-04-28 17:05:14, MOVE, v:1, k:sandbox@user_002, mode:PICK
2026-04-28 17:05:15, EXEC, v:1, k:sandbox@user_002, mode:FULL, size:65, fail:COMP
2026-04-28 17:06:38, MOVE, v:1, k:sandbox@user_002, mode:BACK
2026-04-28 17:06:51, MOVE, v:1, k:fup@guarda, mode:PICK
2026-04-28 17:07:14, MOVE, v:1, k:fup@guarda, mode:BACK
2026-04-28 17:07:25, MOVE, v:1, k:fup@ou, mode:PICK
2026-04-28 17:07:27, EXEC, v:1, k:fup@ou, mode:FULL, rate:100
2026-04-28 17:07:27, EXEC, v:1, k:fup@ou, mode:FULL, rate:100
2026-04-28 17:07:29, MOVE, v:1, k:fup@ou, mode:BACK
2026-04-28 17:07:32, MOVE, v:1, k:fup@positivo, mode:PICK
2026-04-28 17:07:33, EXEC, v:1, k:fup@positivo, mode:FULL, rate:100
2026-04-28 17:07:34, MOVE, v:1, k:fup@positivo, mode:BACK
2026-04-28 17:07:37, MOVE, v:1, k:fup@multiplo, mode:PICK
2026-04-28 17:07:38, EXEC, v:1, k:fup@multiplo, mode:FULL, rate:100
2026-04-28 17:07:39, MOVE, v:1, k:fup@multiplo, mode:BACK
2026-04-28 17:07:46, MOVE, v:1, k:fup@calc, mode:PICK
2026-04-28 17:07:48, EXEC, v:1, k:fup@calc, mode:FULL, rate:100
2026-04-28 17:07:51, EXEC, v:1, k:fup@calc, mode:FULL, rate:100
2026-04-28 17:07:53, EXEC, v:1, k:fup@calc, mode:FULL, rate:100
2026-04-28 17:08:01, MOVE, v:1, k:fup@calc, mode:BACK
2026-04-28 17:08:14, MOVE, v:1, k:fup@calc, mode:PICK
2026-04-28 17:08:24, EXEC, v:1, k:fup@calc, mode:FULL, rate:100
2026-04-28 17:05:53, MOVE, v:1, k:sandbox@user_002, mode:EDIT
2026-04-28 17:07:27, MOVE, v:1, k:fup@ou, mode:EDIT
2026-04-28 17:07:33, MOVE, v:1, k:fup@positivo, mode:EDIT
2026-04-28 17:07:38, MOVE, v:1, k:fup@multiplo, mode:EDIT
2026-04-28 17:08:24, MOVE, v:1, k:fup@calc, mode:EDIT
2026-04-28 17:12:58, MOVE, v:1, k:fup@calc, mode:BACK
2026-04-28 17:13:03, MOVE, v:1, k:fup@guarda, mode:PICK
2026-04-28 17:14:14, MOVE, v:1, k:fup@guarda, mode:EDIT
2026-04-28 17:19:05, MOVE, v:1, k:fup@guarda, mode:BACK
2026-04-28 18:08:07, MOVE, v:1, k:fup@guarda, mode:EDIT
