2026-03-31 16:52:00, MOVE, v:1, k:fup@segundos, mode:PICK
2026-03-31 16:52:10, EXEC, v:1, k:fup@segundos, mode:FULL, rate:0, size:11
2026-03-31 16:52:10, EXEC, v:1, k:fup@segundos, mode:FULL, rate:0, size:11
2026-03-31 16:52:32, MOVE, v:1, k:fup@segundos, mode:BACK
2026-03-31 16:52:38, MOVE, v:1, k:fup@segundos, mode:PICK
2026-03-31 16:52:42, EXEC, v:1, k:fup@segundos, mode:FULL, rate:0, size:11
2026-03-31 16:53:58, MOVE, v:1, k:fup@segundos, mode:BACK
2026-03-31 16:54:17, MOVE, v:1, k:fup@segundos, mode:PICK
2026-03-31 17:08:25, EXEC, v:1, k:fup@segundos, mode:FULL, rate:100, size:22
2026-03-31 17:09:12, EXEC, v:1, k:fup@segundos, mode:FREE
2026-03-31 17:10:00, EXEC, v:1, k:fup@segundos, mode:FREE
2026-03-31 17:10:28, EXEC, v:1, k:fup@segundos, mode:FREE
2026-03-31 17:11:16, MOVE, v:1, k:fup@segundos, mode:BACK
2026-03-31 17:12:41, SELF, v:1, k:fup@segundos, self:1, rate:100, study:30, concept:1
2026-03-31 17:15:09, MOVE, v:1, k:fup@celsius, mode:DOWN
2026-03-31 17:15:18, MOVE, v:1, k:fup@celsius, mode:PICK
2026-03-31 17:15:20, EXEC, v:1, k:fup@celsius, mode:FULL, rate:0, size:5
2026-03-31 17:26:58, EXEC, v:1, k:fup@celsius, mode:FULL, rate:0, size:13
2026-03-31 17:27:03, EXEC, v:1, k:fup@celsius, mode:FREE
2026-03-31 17:27:32, EXEC, v:1, k:fup@celsius, mode:FREE
2026-03-31 17:29:47, MOVE, v:1, k:fup@celsius, mode:BACK
2026-03-31 17:32:44, SELF, v:1, k:fup@celsius, self:1
2026-03-31 17:32:58, SELF, v:1, k:fup@celsius, self:1
2026-03-31 17:33:55, MOVE, v:1, k:fup@celsius, mode:PICK
2026-03-31 17:34:01, EXEC, v:1, k:fup@celsius, mode:FULL, rate:100, size:15
2026-03-31 17:34:04, EXEC, v:1, k:fup@celsius, mode:FULL, rate:100
2026-03-31 17:34:06, MOVE, v:1, k:fup@celsius, mode:BACK
2026-03-31 17:35:08, MOVE, v:1, k:fup@pintando, mode:DOWN
2026-03-31 17:35:14, MOVE, v:1, k:fup@pintando, mode:PICK
2026-03-31 17:35:16, EXEC, v:1, k:fup@pintando, mode:FULL, rate:0, size:5
2026-03-31 17:35:38, EXEC, v:1, k:fup@pintando, mode:FULL, rate:0
2026-03-31 17:57:18, EXEC, v:1, k:fup@pintando, mode:FULL, rate:100, size:19
2026-03-31 17:57:25, EXEC, v:1, k:fup@pintando, mode:FREE
2026-03-31 18:00:12, MOVE, v:1, k:fup@pintando, mode:BACK
2026-03-31 18:00:30, SELF, v:1, k:fup@pintando, self:1, rate:100, concept:1
