2026-03-10 16:53:36, MOVE, v:1, k:fup@tres, mode:DOWN
2026-03-10 17:13:22, MOVE, v:1, k:sandbox@user_001, mode:PICK
2026-03-10 17:15:09, EXEC, v:1, k:sandbox@user_001, mode:LOCK, rate:0, size:5
2026-03-10 17:19:26, EXEC, v:1, k:sandbox@user_001, mode:FULL, rate:0
2026-03-10 17:32:04, EXEC, v:1, k:sandbox@user_001, mode:FULL, rate:0, size:7
2026-03-10 17:41:14, EXEC, v:1, k:sandbox@user_001, mode:FULL, rate:0, size:8
2026-03-10 17:43:09, EXEC, v:1, k:sandbox@user_001, mode:FULL, rate:0, size:9
2026-03-10 17:46:19, EXEC, v:1, k:sandbox@user_001, mode:FULL, rate:0, size:9
2026-03-10 17:49:51, EXEC, v:1, k:sandbox@user_001, mode:FULL, rate:0, size:11
2026-03-10 17:50:11, EXEC, v:1, k:sandbox@user_001, mode:FULL, rate:0, size:11
2026-03-10 17:50:40, EXEC, v:1, k:sandbox@user_001, mode:FULL, rate:0, size:11
2026-03-10 17:52:11, EXEC, v:1, k:sandbox@user_001, mode:FREE
2026-03-10 17:55:55, EXEC, v:1, k:sandbox@user_001, mode:FULL, rate:0, size:10
2026-03-10 17:57:53, EXEC, v:1, k:sandbox@user_001, mode:FULL, rate:100, size:11
2026-03-10 17:58:34, MOVE, v:1, k:sandbox@user_001, mode:BACK
2026-03-10 18:04:21, MOVE, v:1, k:fup@tres, mode:PICK
2026-03-10 18:04:56, EXEC, v:1, k:fup@tres, mode:FULL, rate:0, size:5
2026-03-10 18:09:51, EXEC, v:1, k:fup@tres, mode:FULL, rate:0, size:7
2026-03-10 18:10:38, EXEC, v:1, k:fup@tres, mode:FULL, rate:0, size:8
2026-03-10 18:10:56, EXEC, v:1, k:fup@tres, mode:FULL, rate:0, size:8
2026-03-10 18:11:08, EXEC, v:1, k:fup@tres, mode:FULL, rate:100, size:7
2026-03-10 18:12:28, MOVE, v:1, k:fup@tres, mode:BACK
2026-03-10 18:13:04, MOVE, v:1, k:fup@resto, mode:DOWN
2026-03-10 18:13:17, MOVE, v:1, k:fup@resto, mode:PICK
2026-03-10 18:13:26, EXEC, v:1, k:fup@resto, mode:FULL, rate:0, size:5
2026-03-10 18:17:14, MOVE, v:1, k:fup@resto, mode:BACK
2026-03-10 18:19:02, MOVE, v:1, k:fup@resto, mode:PICK
2026-03-10 18:19:10, EXEC, v:1, k:fup@resto, mode:FULL, rate:0
2026-03-10 18:25:37, MOVE, v:1, k:fup@resto, mode:BACK
