2026-05-12 13:57:30, MOVE, v:1, k:fup@drone, mode:DOWN
2026-05-12 13:57:36, MOVE, v:1, k:fup@drone, mode:PICK
2026-05-12 13:57:30, MOVE, v:1, k:fup@drone, mode:EDIT
2026-05-12 13:57:30, MOVE, v:1, k:fup@drone, mode:EDIT
2026-05-12 13:59:32, MOVE, v:1, k:fup@drone, mode:EDIT
2026-05-12 14:04:02, EXEC, v:1, k:fup@drone, mode:FULL, size:13, fail:COMP
2026-05-12 14:04:27, EXEC, v:1, k:fup@drone, mode:FULL, size:13, fail:COMP
2026-05-12 14:04:29, EXEC, v:1, k:fup@drone, mode:FULL, fail:COMP
2026-05-12 14:04:24, MOVE, v:1, k:fup@drone, mode:EDIT
2026-05-12 14:05:38, EXEC, v:1, k:fup@drone, mode:FULL, rate:57, size:13
2026-05-12 14:06:02, EXEC, v:1, k:fup@drone, mode:FULL, rate:57, size:13
2026-05-12 14:06:36, EXEC, v:1, k:fup@drone, mode:FULL, rate:100, size:13
2026-05-12 14:06:38, EXEC, v:1, k:fup@drone, mode:FULL, rate:100
2026-05-12 14:06:40, MOVE, v:1, k:fup@drone, mode:BACK
2026-05-12 14:06:56, SELF, v:1, k:fup@drone, self:1, rate:100
2026-05-12 14:08:37, MOVE, v:1, k:fup@teleferico, mode:DOWN
2026-05-12 14:08:38, MOVE, v:1, k:fup@teleferico, mode:PICK
2026-05-12 14:06:36, MOVE, v:1, k:fup@drone, mode:EDIT
2026-05-12 14:06:38, MOVE, v:1, k:fup@drone, mode:EDIT
2026-05-12 14:08:37, MOVE, v:1, k:fup@teleferico, mode:EDIT
2026-05-12 14:08:37, MOVE, v:1, k:fup@teleferico, mode:EDIT
2026-05-12 14:08:37, MOVE, v:1, k:fup@teleferico, mode:EDIT
2026-05-12 14:14:30, MOVE, v:1, k:fup@teleferico, mode:EDIT
2026-05-12 14:17:16, EXEC, v:1, k:fup@teleferico, mode:FULL, rate:62, size:11
2026-05-12 14:18:29, EXEC, v:1, k:fup@teleferico, mode:FULL, rate:100, size:11
2026-05-12 14:19:09, MOVE, v:1, k:fup@teleferico, mode:BACK
2026-05-12 14:19:19, SELF, v:1, k:fup@teleferico, self:1, rate:100
2026-05-12 14:18:33, MOVE, v:1, k:fup@teleferico, mode:EDIT
2026-05-12 14:18:29, MOVE, v:1, k:fup@teleferico, mode:EDIT
2026-05-12 14:19:56, MOVE, v:1, k:fup@goiabas, mode:DOWN
2026-05-12 14:20:11, MOVE, v:1, k:fup@goiabas, mode:PICK
2026-05-12 14:24:28, EXEC, v:1, k:fup@goiabas, mode:FULL, size:12, fail:COMP
2026-05-12 14:24:30, EXEC, v:1, k:fup@goiabas, mode:FULL, fail:COMP
2026-05-12 14:24:30, EXEC, v:1, k:fup@goiabas, mode:FULL, fail:COMP
2026-05-12 14:19:56, MOVE, v:1, k:fup@goiabas, mode:EDIT
2026-05-12 14:19:56, MOVE, v:1, k:fup@goiabas, mode:EDIT
2026-05-12 14:24:27, MOVE, v:1, k:fup@goiabas, mode:EDIT
2026-05-12 14:24:43, EXEC, v:1, k:fup@goiabas, mode:FULL, size:12, fail:COMP
2026-05-12 14:24:52, EXEC, v:1, k:fup@goiabas, mode:FULL, rate:37, size:12
2026-05-12 14:25:06, EXEC, v:1, k:fup@goiabas, mode:FULL, rate:37, size:12
2026-05-12 14:25:32, EXEC, v:1, k:fup@goiabas, mode:FULL, rate:100, size:12
2026-05-12 14:25:33, EXEC, v:1, k:fup@goiabas, mode:FULL, rate:100
2026-05-12 14:25:34, MOVE, v:1, k:fup@goiabas, mode:BACK
2026-05-12 14:25:45, SELF, v:1, k:fup@goiabas, self:1, rate:100
2026-05-12 14:26:22, MOVE, v:1, k:fup@cobra, mode:DOWN
