2026-05-18 16:47:01, MOVE, v:1, k:fup@teleferico, mode:PICK
2026-05-18 16:47:04, EXEC, v:1, k:fup@teleferico, mode:FULL, rate:100, size:13
2026-05-18 16:47:05, MOVE, v:1, k:fup@teleferico, mode:BACK
2026-05-18 16:47:09, MOVE, v:1, k:fup@goiabas, mode:PICK
2026-05-18 16:47:10, EXEC, v:1, k:fup@goiabas, mode:FULL, rate:100
2026-05-18 16:47:11, MOVE, v:1, k:fup@goiabas, mode:BACK
2026-05-18 16:47:15, MOVE, v:1, k:fup@cobra, mode:PICK
2026-05-18 16:47:22, EXEC, v:1, k:fup@cobra, mode:FULL, rate:100
2026-05-18 16:47:23, MOVE, v:1, k:fup@cobra, mode:BACK
2026-05-18 16:47:30, MOVE, v:1, k:fup@game10, mode:PICK
2026-05-18 16:47:32, EXEC, v:1, k:fup@game10, mode:FULL, rate:0, size:5
2026-05-18 16:51:07, EXEC, v:1, k:fup@game10, mode:FULL, rate:100, size:11
2026-05-18 16:51:08, EXEC, v:1, k:fup@game10, mode:FULL, rate:100
2026-05-18 16:51:09, MOVE, v:1, k:fup@game10, mode:BACK
2026-05-18 16:51:28, SELF, v:1, k:fup@game10, self:1, rate:100
2026-05-18 16:51:32, MOVE, v:1, k:fup@salario, mode:DOWN
2026-05-18 16:51:33, MOVE, v:1, k:fup@salario, mode:PICK
2026-05-18 16:47:04, MOVE, v:1, k:fup@teleferico, mode:EDIT
2026-05-18 16:47:10, MOVE, v:1, k:fup@goiabas, mode:EDIT
2026-05-18 16:47:22, MOVE, v:1, k:fup@cobra, mode:EDIT
2026-05-18 16:51:08, MOVE, v:1, k:fup@game10, mode:EDIT
2026-05-18 16:51:02, MOVE, v:1, k:fup@game10, mode:EDIT
2026-05-18 16:51:32, MOVE, v:1, k:fup@salario, mode:EDIT
2026-05-18 16:51:32, MOVE, v:1, k:fup@salario, mode:EDIT
2026-05-18 16:51:32, MOVE, v:1, k:fup@salario, mode:EDIT
2026-05-18 16:56:08, MOVE, v:1, k:fup@salario, mode:EDIT
2026-05-18 17:01:36, MOVE, v:1, k:fup@salario, mode:EDIT
2026-05-18 17:03:17, EXEC, v:1, k:fup@salario, mode:FULL, rate:0, size:19
2026-05-18 17:03:18, EXEC, v:1, k:fup@salario, mode:FULL, rate:0
2026-05-18 17:03:50, EXEC, v:1, k:fup@salario, mode:FULL, rate:62, size:19
2026-05-18 17:03:51, EXEC, v:1, k:fup@salario, mode:FULL, rate:62
2026-05-18 17:04:19, EXEC, v:1, k:fup@salario, mode:FULL, rate:100, size:19
2026-05-18 17:04:21, EXEC, v:1, k:fup@salario, mode:FULL, rate:100
2026-05-18 17:04:22, MOVE, v:1, k:fup@salario, mode:BACK
2026-05-18 17:04:32, SELF, v:1, k:fup@salario, self:1, rate:100, concept:1
2026-05-18 17:06:38, MOVE, v:1, k:fup@loop_i, mode:DOWN
2026-05-18 17:06:41, MOVE, v:1, k:fup@loop_i, mode:PICK
2026-05-18 17:10:51, EXEC, v:1, k:fup@loop_i, mode:FULL, rate:0, size:11
2026-05-18 17:10:52, EXEC, v:1, k:fup@loop_i, mode:FULL, rate:0
2026-05-18 17:06:38, MOVE, v:1, k:fup@loop_i, mode:EDIT
2026-05-18 17:06:38, MOVE, v:1, k:fup@loop_i, mode:EDIT
2026-05-18 17:10:50, MOVE, v:1, k:fup@loop_i, mode:EDIT
2026-05-18 17:10:52, MOVE, v:1, k:fup@loop_i, mode:EDIT
2026-05-18 17:11:28, EXEC, v:1, k:fup@loop_i, mode:FULL, rate:100, size:11
2026-05-18 17:11:30, EXEC, v:1, k:fup@loop_i, mode:FULL, rate:100
2026-05-18 17:11:32, MOVE, v:1, k:fup@loop_i, mode:BACK
2026-05-18 17:12:15, SELF, v:1, k:fup@loop_i, self:1, rate:100, concept:1
2026-05-18 17:13:31, MOVE, v:1, k:fup@loop_ii, mode:DOWN
2026-05-18 17:13:39, MOVE, v:1, k:fup@loop_ii, mode:PICK
2026-05-18 17:11:24, MOVE, v:1, k:fup@loop_i, mode:EDIT
2026-05-18 17:11:30, MOVE, v:1, k:fup@loop_i, mode:EDIT
2026-05-18 17:13:31, MOVE, v:1, k:fup@loop_ii, mode:EDIT
2026-05-18 17:13:31, MOVE, v:1, k:fup@loop_ii, mode:EDIT
2026-05-18 17:16:04, MOVE, v:1, k:fup@loop_ii, mode:EDIT
2026-05-18 17:17:49, EXEC, v:1, k:fup@loop_ii, mode:FULL, rate:100, size:14
2026-05-18 17:17:50, EXEC, v:1, k:fup@loop_ii, mode:FULL, rate:100
2026-05-18 17:17:51, MOVE, v:1, k:fup@loop_ii, mode:BACK
2026-05-18 17:18:01, SELF, v:1, k:fup@loop_ii, self:1, rate:100
2026-05-18 17:17:47, MOVE, v:1, k:fup@loop_ii, mode:EDIT
2026-05-18 17:17:50, MOVE, v:1, k:fup@loop_ii, mode:EDIT
2026-05-18 17:22:03, MOVE, v:1, k:fup@loop_iii, mode:DOWN
2026-05-18 17:22:05, MOVE, v:1, k:fup@loop_iii, mode:PICK
2026-05-18 17:22:03, MOVE, v:1, k:fup@loop_iii, mode:EDIT
2026-05-18 17:22:03, MOVE, v:1, k:fup@loop_iii, mode:EDIT
2026-05-18 17:25:59, MOVE, v:1, k:fup@loop_iii, mode:EDIT
2026-05-18 17:26:56, EXEC, v:1, k:fup@loop_iii, mode:FULL, size:14, fail:COMP
2026-05-18 17:26:58, EXEC, v:1, k:fup@loop_iii, mode:FULL, fail:COMP
2026-05-18 17:27:04, EXEC, v:1, k:fup@loop_iii, mode:FULL, rate:0, size:14
2026-05-18 17:27:05, EXEC, v:1, k:fup@loop_iii, mode:FULL, rate:0
2026-05-18 17:27:31, EXEC, v:1, k:fup@loop_iii, mode:FULL, rate:100, size:14
2026-05-18 17:27:32, EXEC, v:1, k:fup@loop_iii, mode:FULL, rate:100
2026-05-18 17:27:33, MOVE, v:1, k:fup@loop_iii, mode:BACK
2026-05-18 17:27:43, SELF, v:1, k:fup@loop_iii, self:1, rate:100
2026-05-18 17:28:15, MOVE, v:1, k:fup@loop_iv, mode:DOWN
2026-05-18 17:28:16, MOVE, v:1, k:fup@loop_iv, mode:PICK
2026-05-18 17:27:30, MOVE, v:1, k:fup@loop_iii, mode:EDIT
2026-05-18 17:27:32, MOVE, v:1, k:fup@loop_iii, mode:EDIT
2026-05-18 17:28:15, MOVE, v:1, k:fup@loop_iv, mode:EDIT
2026-05-18 17:28:15, MOVE, v:1, k:fup@loop_iv, mode:EDIT
2026-05-18 17:31:05, MOVE, v:1, k:fup@loop_iv, mode:EDIT
2026-05-18 17:36:01, EXEC, v:1, k:fup@loop_iv, mode:FULL, size:16, fail:COMP
2026-05-18 17:36:01, EXEC, v:1, k:fup@loop_iv, mode:FULL, size:16, fail:COMP
2026-05-18 17:35:51, MOVE, v:1, k:fup@loop_iv, mode:EDIT
2026-05-18 17:36:23, EXEC, v:1, k:fup@loop_iv, mode:FULL, size:17, fail:COMP
2026-05-18 17:38:12, EXEC, v:1, k:fup@loop_iv, mode:FULL, rate:0, size:17
2026-05-18 17:38:14, EXEC, v:1, k:fup@loop_iv, mode:FULL, rate:0
2026-05-18 17:38:12, MOVE, v:1, k:fup@loop_iv, mode:EDIT
2026-05-18 17:38:14, MOVE, v:1, k:fup@loop_iv, mode:EDIT
2026-05-18 17:45:21, EXEC, v:1, k:fup@loop_iv, mode:FULL, rate:0, size:17
2026-05-18 17:45:23, EXEC, v:1, k:fup@loop_iv, mode:FULL, rate:0
2026-05-18 17:45:25, EXEC, v:1, k:fup@loop_iv, mode:FULL, rate:0
2026-05-18 17:45:59, EXEC, v:1, k:fup@loop_iv, mode:FULL, rate:0, size:17
2026-05-18 17:45:56, MOVE, v:1, k:fup@loop_iv, mode:EDIT
2026-05-18 17:45:57, MOVE, v:1, k:fup@loop_iv, mode:EDIT
2026-05-18 17:46:23, MOVE, v:1, k:fup@loop_iv, mode:PICK
2026-05-18 17:46:27, EXEC, v:1, k:fup@loop_iv, mode:FULL, rate:0
2026-05-18 17:47:45, EXEC, v:1, k:fup@loop_iv, mode:FULL, rate:100, size:17
2026-05-18 17:47:47, EXEC, v:1, k:fup@loop_iv, mode:FULL, rate:100
2026-05-18 17:47:48, MOVE, v:1, k:fup@loop_iv, mode:BACK
2026-05-18 17:47:57, SELF, v:1, k:fup@loop_iv, self:1, rate:100
2026-05-18 17:49:36, SELF, v:1, k:fup@loop_iv, self:1, rate:100, study:40
2026-05-18 17:49:42, MOVE, v:1, k:fup@loop_v, mode:DOWN
2026-05-18 17:49:43, MOVE, v:1, k:fup@loop_v, mode:PICK
2026-05-18 17:47:46, MOVE, v:1, k:fup@loop_iv, mode:EDIT
2026-05-18 17:47:45, MOVE, v:1, k:fup@loop_iv, mode:EDIT
2026-05-18 17:49:42, MOVE, v:1, k:fup@loop_v, mode:EDIT
2026-05-18 17:49:42, MOVE, v:1, k:fup@loop_v, mode:EDIT
2026-05-18 17:51:20, MOVE, v:1, k:fup@loop_v, mode:EDIT
2026-05-18 17:53:51, EXEC, v:1, k:fup@loop_v, mode:FULL, rate:100, size:17
2026-05-18 17:53:51, EXEC, v:1, k:fup@loop_v, mode:FULL, rate:100
2026-05-18 17:53:52, MOVE, v:1, k:fup@loop_v, mode:BACK
2026-05-18 17:54:09, SELF, v:1, k:fup@loop_v, self:1, rate:100, study:20
2026-05-18 17:53:49, MOVE, v:1, k:fup@loop_v, mode:EDIT
2026-05-18 17:53:51, MOVE, v:1, k:fup@loop_v, mode:EDIT
2026-05-18 17:56:32, MOVE, v:1, k:fup@pares, mode:DOWN
2026-05-18 17:56:33, MOVE, v:1, k:fup@pares, mode:PICK
2026-05-18 17:56:32, MOVE, v:1, k:fup@pares, mode:EDIT
2026-05-18 17:56:32, MOVE, v:1, k:fup@pares, mode:EDIT
2026-05-18 17:56:32, MOVE, v:1, k:fup@pares, mode:EDIT
2026-05-18 18:01:57, MOVE, v:1, k:fup@pares, mode:EDIT
2026-05-18 18:11:21, MOVE, v:1, k:fup@pares, mode:EDIT
2026-05-18 18:12:58, EXEC, v:1, k:fup@pares, mode:FULL, size:16, fail:COMP
2026-05-18 18:13:28, EXEC, v:1, k:fup@pares, mode:FULL, rate:100, size:16
2026-05-18 18:13:29, EXEC, v:1, k:fup@pares, mode:FULL, rate:100
2026-05-18 18:13:30, MOVE, v:1, k:fup@pares, mode:BACK
2026-05-18 18:13:36, SELF, v:1, k:fup@pares, self:1, rate:100
2026-05-18 18:14:01, MOVE, v:1, k:fup@sapatos, mode:DOWN
2026-05-18 18:14:02, MOVE, v:1, k:fup@sapatos, mode:PICK
2026-05-18 18:13:26, MOVE, v:1, k:fup@pares, mode:EDIT
2026-05-18 18:13:28, MOVE, v:1, k:fup@pares, mode:EDIT
2026-05-18 18:14:01, MOVE, v:1, k:fup@sapatos, mode:EDIT
2026-05-18 18:14:01, MOVE, v:1, k:fup@sapatos, mode:EDIT
2026-05-18 18:16:19, MOVE, v:1, k:fup@sapatos, mode:EDIT
2026-05-18 18:18:43, EXEC, v:1, k:fup@sapatos, mode:FULL, rate:28, size:18
2026-05-18 18:18:44, EXEC, v:1, k:fup@sapatos, mode:FULL, rate:28
2026-05-18 18:19:57, EXEC, v:1, k:fup@sapatos, mode:FULL, rate:28, size:18
2026-05-18 18:20:15, EXEC, v:1, k:fup@sapatos, mode:FULL, rate:28
2026-05-18 18:20:31, EXEC, v:1, k:fup@sapatos, mode:FULL, rate:100, size:18
2026-05-18 18:20:33, EXEC, v:1, k:fup@sapatos, mode:FULL, rate:100
2026-05-18 18:20:35, MOVE, v:1, k:fup@sapatos, mode:BACK
2026-05-18 18:20:41, SELF, v:1, k:fup@sapatos, self:1, rate:100
