2026-03-24 16:48:15, MOVE, v:1, k:fup@resto, mode:PICK
2026-03-24 16:48:28, EXEC, v:1, k:fup@resto, mode:FULL, rate:100
2026-03-24 16:48:31, EXEC, v:1, k:fup@resto, mode:FREE
2026-03-24 16:55:49, EXEC, v:1, k:fup@resto, mode:FULL, rate:100
2026-03-24 16:55:52, EXEC, v:1, k:fup@resto, mode:FULL, rate:100
2026-03-24 16:55:58, EXEC, v:1, k:fup@resto, mode:FULL, rate:100
2026-03-24 16:56:08, MOVE, v:1, k:fup@resto, mode:BACK
2026-03-24 16:59:56, SELF, v:1, k:fup@tres, self:1, rate:100, study:30, friend:Sim, Emanoel e Hanna, concept:1
2026-03-24 17:06:06, SELF, v:1, k:fup@resto, self:1, rate:100, friend:nao, concept:1, code:1, debug:1
2026-03-24 17:07:15, SELF, v:1, k:fup@resto, self:1, rate:100, friend:nao, concept:1, code:1, debug:1
2026-03-24 17:07:30, MOVE, v:1, k:fup@resto, mode:PICK
2026-03-24 17:07:33, MOVE, v:1, k:fup@resto, mode:BACK
2026-03-24 17:09:45, MOVE, v:1, k:fup@resto, mode:PICK
2026-03-24 17:09:49, MOVE, v:1, k:fup@resto, mode:BACK
2026-03-24 17:20:33, MOVE, v:1, k:fup@media, mode:DOWN
2026-03-24 17:20:39, MOVE, v:1, k:fup@media, mode:PICK
2026-03-24 17:20:43, EXEC, v:1, k:fup@media, mode:FULL, rate:0, size:5
2026-03-24 17:35:04, EXEC, v:1, k:fup@media, mode:FULL, rate:0, size:13
2026-03-24 17:35:08, EXEC, v:1, k:fup@media, mode:FREE
2026-03-24 17:36:24, MOVE, v:1, k:fup@media, mode:BACK
2026-03-24 17:36:24, MOVE, v:1, k:fup@media, mode:PICK
2026-03-24 17:36:25, MOVE, v:1, k:fup@media, mode:BACK
2026-03-24 17:36:25, MOVE, v:1, k:fup@media, mode:PICK
2026-03-24 17:36:27, EXEC, v:1, k:fup@media, mode:FULL, rate:0
2026-03-24 17:36:29, MOVE, v:1, k:fup@media, mode:BACK
2026-03-24 17:36:29, MOVE, v:1, k:fup@media, mode:PICK
2026-03-24 17:36:30, MOVE, v:1, k:fup@media, mode:BACK
2026-03-24 17:36:37, MOVE, v:1, k:fup@media, mode:PICK
2026-03-24 17:36:38, EXEC, v:1, k:fup@media, mode:FULL, rate:0
2026-03-24 17:36:53, EXEC, v:1, k:fup@media, mode:FULL, rate:100, size:13
2026-03-24 17:37:19, MOVE, v:1, k:fup@media, mode:BACK
2026-03-24 17:38:15, SELF, v:1, k:fup@media, self:1, rate:100
