2026-05-10 00:12:08, MOVE, v:1, k:fup@guarda, mode:PICK
2026-05-10 00:18:12, MOVE, v:1, k:fup@guarda, mode:BACK
2026-05-10 00:17:43, MOVE, v:1, k:fup@calc, mode:EDIT
2026-05-10 00:25:40, MOVE, v:1, k:fup@guarda, mode:PICK
2026-05-10 00:37:21, MOVE, v:1, k:fup@guarda, mode:EDIT
2026-05-10 00:39:50, EXEC, v:1, k:fup@guarda, mode:FULL, rate:85, size:19
2026-05-10 00:40:32, EXEC, v:1, k:fup@guarda, mode:FULL, rate:85
2026-05-10 00:40:33, EXEC, v:1, k:fup@guarda, mode:FULL, rate:85
2026-05-10 00:40:34, EXEC, v:1, k:fup@guarda, mode:FULL, rate:85
2026-05-10 00:40:38, EXEC, v:1, k:fup@guarda, mode:FULL, rate:85
2026-05-10 00:40:45, EXEC, v:1, k:fup@guarda, mode:FULL, rate:85
2026-05-10 00:40:46, EXEC, v:1, k:fup@guarda, mode:FULL, rate:85
2026-05-10 00:41:22, EXEC, v:1, k:fup@guarda, mode:FULL, rate:85
2026-05-10 00:41:23, EXEC, v:1, k:fup@guarda, mode:FULL, rate:85
2026-05-10 00:42:21, EXEC, v:1, k:fup@guarda, mode:FULL, rate:85, size:19
2026-05-10 00:42:22, EXEC, v:1, k:fup@guarda, mode:FULL, rate:85
2026-05-10 00:42:18, MOVE, v:1, k:fup@guarda, mode:EDIT
2026-05-10 00:42:22, MOVE, v:1, k:fup@guarda, mode:EDIT
2026-05-10 00:42:37, EXEC, v:1, k:fup@guarda, mode:FULL, rate:85
2026-05-10 00:42:51, EXEC, v:1, k:fup@guarda, mode:FULL, rate:85
2026-05-10 00:42:52, EXEC, v:1, k:fup@guarda, mode:FULL, rate:85
2026-05-10 00:42:53, EXEC, v:1, k:fup@guarda, mode:FULL, rate:85
2026-05-10 00:43:04, EXEC, v:1, k:fup@guarda, mode:FULL, rate:85
2026-05-10 00:43:48, EXEC, v:1, k:fup@guarda, mode:FULL, rate:100, size:19
2026-05-10 00:43:53, EXEC, v:1, k:fup@guarda, mode:FULL, rate:100
2026-05-10 00:43:55, MOVE, v:1, k:fup@guarda, mode:BACK
2026-05-10 00:44:40, SELF, v:1, k:fup@guarda, self:1, rate:100, problem:1
2026-05-10 00:44:46, MOVE, v:1, k:fup@quantos, mode:DOWN
2026-05-10 00:43:53, MOVE, v:1, k:fup@guarda, mode:EDIT
2026-05-10 00:43:47, MOVE, v:1, k:fup@guarda, mode:EDIT
2026-05-10 00:44:46, MOVE, v:1, k:fup@quantos, mode:EDIT
2026-05-10 00:44:46, MOVE, v:1, k:fup@quantos, mode:EDIT
2026-05-10 00:44:46, MOVE, v:1, k:fup@quantos, mode:EDIT
2026-05-10 00:50:34, MOVE, v:1, k:fup@quantos, mode:PICK
2026-05-10 00:50:36, EXEC, v:1, k:fup@quantos, mode:FULL, rate:0, size:5
2026-05-10 00:50:57, EXEC, v:1, k:fup@quantos, mode:FULL, rate:0
2026-05-10 00:50:59, EXEC, v:1, k:fup@quantos, mode:FULL, rate:0
2026-05-10 00:51:10, MOVE, v:1, k:fup@quantos, mode:BACK
2026-05-10 00:51:33, MOVE, v:1, k:fup@quantos, mode:PICK
2026-05-10 00:50:59, MOVE, v:1, k:fup@quantos, mode:EDIT
2026-05-10 00:52:22, MOVE, v:1, k:fup@quantos, mode:EDIT
2026-05-10 00:57:25, MOVE, v:1, k:fup@quantos, mode:EDIT
2026-05-10 01:02:15, MOVE, v:1, k:fup@quantos, mode:EDIT
2026-05-10 01:05:40, EXEC, v:1, k:fup@quantos, mode:FULL, rate:37, size:16
2026-05-10 01:05:42, EXEC, v:1, k:fup@quantos, mode:FULL, rate:37
2026-05-10 01:07:07, EXEC, v:1, k:fup@quantos, mode:FULL, rate:100, size:18
2026-05-10 01:07:09, EXEC, v:1, k:fup@quantos, mode:FULL, rate:100
2026-05-10 01:07:19, EXEC, v:1, k:fup@quantos, mode:FULL, rate:100
2026-05-10 01:07:20, MOVE, v:1, k:fup@quantos, mode:BACK
2026-05-10 01:07:06, MOVE, v:1, k:fup@quantos, mode:EDIT
2026-05-10 01:07:18, MOVE, v:1, k:fup@quantos, mode:EDIT
2026-05-10 01:08:05, SELF, v:1, k:fup@quantos, self:1, rate:100, study:30
2026-05-10 01:08:51, MOVE, v:1, k:fup@impar, mode:DOWN
2026-05-10 01:08:55, MOVE, v:1, k:fup@impar, mode:PICK
2026-05-10 01:08:51, MOVE, v:1, k:fup@impar, mode:EDIT
2026-05-10 01:08:51, MOVE, v:1, k:fup@impar, mode:EDIT
2026-05-10 01:27:27, MOVE, v:1, k:fup@impar, mode:EDIT
2026-05-10 01:32:16, MOVE, v:1, k:fup@impar, mode:EDIT
2026-05-10 01:53:06, MOVE, v:1, k:fup@impar, mode:EDIT
2026-05-10 02:01:09, MOVE, v:1, k:fup@impar, mode:EDIT
2026-05-10 02:05:03, EXEC, v:1, k:fup@impar, mode:FULL, rate:100, size:20
2026-05-10 02:05:05, EXEC, v:1, k:fup@impar, mode:FULL, rate:100
2026-05-10 02:05:01, MOVE, v:1, k:fup@impar, mode:EDIT
2026-05-10 02:05:05, MOVE, v:1, k:fup@impar, mode:EDIT
2026-05-10 02:08:09, MOVE, v:1, k:fup@impar, mode:BACK
2026-05-10 02:08:34, SELF, v:1, k:fup@impar, self:1, rate:100, study:50, concept:1
2026-05-10 02:08:43, MOVE, v:1, k:fup@round, mode:DOWN
2026-05-10 02:08:58, MOVE, v:1, k:fup@round, mode:PICK
2026-05-10 02:08:43, MOVE, v:1, k:fup@round, mode:EDIT
2026-05-10 02:08:43, MOVE, v:1, k:fup@round, mode:EDIT
2026-05-10 02:17:27, MOVE, v:1, k:fup@round, mode:EDIT
2026-05-10 02:22:26, MOVE, v:1, k:fup@round, mode:EDIT
2026-05-10 02:22:41, EXEC, v:1, k:fup@round, mode:FULL, rate:100, size:22
2026-05-10 02:22:44, EXEC, v:1, k:fup@round, mode:FULL, rate:100
2026-05-10 02:22:55, MOVE, v:1, k:fup@round, mode:BACK
2026-05-10 02:22:59, MOVE, v:1, k:fup@round, mode:PICK
2026-05-10 02:23:01, MOVE, v:1, k:fup@round, mode:BACK
2026-05-10 02:23:24, SELF, v:1, k:fup@round, self:1, rate:100, study:60, concept:1
2026-05-10 02:23:51, MOVE, v:1, k:fup@quantos, mode:PICK
2026-05-10 02:23:53, EXEC, v:1, k:fup@quantos, mode:FULL, rate:100
2026-05-10 02:23:54, MOVE, v:1, k:fup@quantos, mode:BACK
2026-05-10 02:25:27, MOVE, v:1, k:fup@mumia, mode:DOWN
2026-05-10 02:25:36, MOVE, v:1, k:fup@mumia, mode:PICK
2026-05-10 02:25:27, MOVE, v:1, k:fup@mumia, mode:EDIT
2026-05-10 02:25:27, MOVE, v:1, k:fup@mumia, mode:EDIT
2026-05-10 02:29:12, MOVE, v:1, k:fup@mumia, mode:EDIT
2026-05-10 02:34:11, MOVE, v:1, k:fup@mumia, mode:EDIT
2026-05-10 02:34:23, EXEC, v:1, k:fup@mumia, mode:FULL, rate:0, size:21
2026-05-10 02:34:25, EXEC, v:1, k:fup@mumia, mode:FULL, rate:0
2026-05-10 02:35:32, EXEC, v:1, k:fup@mumia, mode:FULL, rate:0, size:21
2026-05-10 02:35:42, EXEC, v:1, k:fup@mumia, mode:FULL, rate:0, size:21
2026-05-10 02:35:59, EXEC, v:1, k:fup@mumia, mode:FULL, size:21, fail:COMP
2026-05-10 02:36:11, EXEC, v:1, k:fup@mumia, mode:FULL, rate:0, size:21
2026-05-10 02:37:39, EXEC, v:1, k:fup@mumia, mode:FULL, rate:22, size:21
2026-05-10 02:38:32, EXEC, v:1, k:fup@mumia, mode:FULL, rate:100, size:21
2026-05-10 02:38:35, EXEC, v:1, k:fup@mumia, mode:FULL, rate:100
2026-05-10 02:38:57, MOVE, v:1, k:fup@mumia, mode:BACK
2026-05-10 02:38:31, MOVE, v:1, k:fup@mumia, mode:EDIT
2026-05-10 02:38:35, MOVE, v:1, k:fup@mumia, mode:EDIT
2026-05-10 02:39:37, SELF, v:1, k:fup@mumia, self:1, rate:100, concept:1
2026-05-10 02:40:05, MOVE, v:1, k:fup@meio, mode:DOWN
2026-05-10 02:40:06, MOVE, v:1, k:fup@meio, mode:PICK
2026-05-10 02:40:05, MOVE, v:1, k:fup@meio, mode:EDIT
2026-05-10 02:40:05, MOVE, v:1, k:fup@meio, mode:EDIT
2026-05-10 02:49:17, EXEC, v:1, k:fup@meio, mode:FULL, rate:20, size:12
2026-05-10 02:49:15, MOVE, v:1, k:fup@meio, mode:EDIT
2026-05-10 02:49:17, MOVE, v:1, k:fup@meio, mode:EDIT
2026-05-10 02:53:01, MOVE, v:1, k:fup@meio, mode:EDIT
2026-05-10 02:59:09, MOVE, v:1, k:fup@meio, mode:EDIT
2026-05-10 03:03:24, EXEC, v:1, k:fup@meio, mode:FULL, rate:100, size:20
2026-05-10 03:03:30, MOVE, v:1, k:fup@meio, mode:BACK
2026-05-10 03:03:52, SELF, v:1, k:fup@meio, self:1, rate:100
2026-05-10 03:04:26, MOVE, v:1, k:fup@jokenpo, mode:DOWN
2026-05-10 03:03:22, MOVE, v:1, k:fup@meio, mode:EDIT
2026-05-10 03:03:24, MOVE, v:1, k:fup@meio, mode:EDIT
2026-05-10 03:04:26, MOVE, v:1, k:fup@jokenpo, mode:EDIT
2026-05-10 03:04:26, MOVE, v:1, k:fup@jokenpo, mode:EDIT
2026-05-10 03:04:26, MOVE, v:1, k:fup@jokenpo, mode:EDIT
2026-05-10 03:05:03, MOVE, v:1, k:fup@jokenpo, mode:PICK
2026-05-10 03:13:29, MOVE, v:1, k:fup@jokenpo, mode:EDIT
2026-05-10 03:19:14, MOVE, v:1, k:fup@jokenpo, mode:EDIT
2026-05-10 03:24:25, MOVE, v:1, k:fup@jokenpo, mode:EDIT
2026-05-10 03:25:44, EXEC, v:1, k:fup@jokenpo, mode:FULL, rate:0, size:14
2026-05-10 03:26:57, EXEC, v:1, k:fup@jokenpo, mode:FULL, rate:37, size:19
2026-05-10 03:28:30, EXEC, v:1, k:fup@jokenpo, mode:FULL, rate:37, size:19
2026-05-10 03:29:11, EXEC, v:1, k:fup@jokenpo, mode:FULL, rate:37, size:21
2026-05-10 03:28:56, MOVE, v:1, k:fup@jokenpo, mode:EDIT
2026-05-10 03:29:11, MOVE, v:1, k:fup@jokenpo, mode:EDIT
2026-05-10 03:30:21, EXEC, v:1, k:fup@jokenpo, mode:FULL, rate:37
2026-05-10 03:31:08, EXEC, v:1, k:fup@jokenpo, mode:FULL, rate:100, size:21
2026-05-10 03:31:11, EXEC, v:1, k:fup@jokenpo, mode:FULL, rate:100
2026-05-10 03:31:15, MOVE, v:1, k:fup@jokenpo, mode:BACK
2026-05-10 03:31:30, SELF, v:1, k:fup@jokenpo, self:1, rate:100
