2026-05-11 04:46:19, MOVE, v:1, k:fup@bhaskara, mode:DOWN
2026-05-11 04:46:21, MOVE, v:1, k:fup@bhaskara, mode:PICK
2026-05-11 04:46:19, MOVE, v:1, k:fup@bhaskara, mode:EDIT
2026-05-11 04:46:19, MOVE, v:1, k:fup@bhaskara, mode:EDIT
2026-05-11 04:50:10, MOVE, v:1, k:fup@bhaskara, mode:EDIT
2026-05-11 04:55:10, MOVE, v:1, k:fup@bhaskara, mode:EDIT
2026-05-11 04:59:14, EXEC, v:1, k:fup@bhaskara, mode:FULL, rate:28, size:26
2026-05-11 04:59:15, EXEC, v:1, k:fup@bhaskara, mode:FULL, rate:28
2026-05-11 04:59:12, MOVE, v:1, k:fup@bhaskara, mode:EDIT
2026-05-11 04:59:15, MOVE, v:1, k:fup@bhaskara, mode:EDIT
2026-05-11 05:00:53, EXEC, v:1, k:fup@bhaskara, mode:FULL, rate:28, size:26
2026-05-11 05:02:08, EXEC, v:1, k:fup@bhaskara, mode:FULL, rate:85, size:26
2026-05-11 05:02:25, EXEC, v:1, k:fup@bhaskara, mode:FULL, size:26, fail:COMP
2026-05-11 05:02:32, EXEC, v:1, k:fup@bhaskara, mode:FULL, rate:85, size:26
2026-05-11 05:04:17, EXEC, v:1, k:fup@bhaskara, mode:FULL, rate:71, size:26
2026-05-11 05:04:26, EXEC, v:1, k:fup@bhaskara, mode:FULL, rate:85, size:26
2026-05-11 05:05:06, EXEC, v:1, k:fup@bhaskara, mode:FULL, rate:85, size:26
2026-05-11 05:05:05, MOVE, v:1, k:fup@bhaskara, mode:EDIT
2026-05-11 05:05:06, MOVE, v:1, k:fup@bhaskara, mode:EDIT
2026-05-11 05:05:20, EXEC, v:1, k:fup@bhaskara, mode:FULL, rate:85, size:26
2026-05-11 05:06:49, EXEC, v:1, k:fup@bhaskara, mode:FULL, rate:85, size:26
2026-05-11 05:07:37, MOVE, v:1, k:fup@bhaskara, mode:BACK
2026-05-11 05:07:52, MOVE, v:1, k:fup@cortada, mode:DOWN
2026-05-11 05:07:54, MOVE, v:1, k:fup@cortada, mode:PICK
2026-05-11 05:06:48, MOVE, v:1, k:fup@bhaskara, mode:EDIT
2026-05-11 05:06:49, MOVE, v:1, k:fup@bhaskara, mode:EDIT
2026-05-11 05:07:52, MOVE, v:1, k:fup@cortada, mode:EDIT
2026-05-11 05:07:52, MOVE, v:1, k:fup@cortada, mode:EDIT
2026-05-11 05:10:09, MOVE, v:1, k:fup@cortada, mode:EDIT
2026-05-11 05:15:10, MOVE, v:1, k:fup@cortada, mode:EDIT
2026-05-11 05:15:26, EXEC, v:1, k:fup@cortada, mode:FULL, rate:15, size:15
2026-05-11 05:15:45, EXEC, v:1, k:fup@cortada, mode:FULL, rate:15, size:15
2026-05-11 05:17:01, EXEC, v:1, k:fup@cortada, mode:FULL, rate:78, size:15
2026-05-11 05:18:04, EXEC, v:1, k:fup@cortada, mode:FULL, rate:45, size:15
2026-05-11 05:18:16, EXEC, v:1, k:fup@cortada, mode:FULL, rate:36, size:15
2026-05-11 05:18:28, EXEC, v:1, k:fup@cortada, mode:FULL, rate:78, size:15
2026-05-11 05:20:11, MOVE, v:1, k:fup@cortada, mode:EDIT
2026-05-11 05:18:27, MOVE, v:1, k:fup@cortada, mode:EDIT
2026-05-11 05:20:57, EXEC, v:1, k:fup@cortada, mode:FULL, rate:12, size:15
2026-05-11 05:22:06, EXEC, v:1, k:fup@cortada, mode:FULL, rate:12, size:15
2026-05-11 05:22:47, EXEC, v:1, k:fup@cortada, mode:FULL, rate:12, size:15
2026-05-11 05:23:25, MOVE, v:1, k:fup@cortada, mode:PICK
2026-05-11 05:23:29, EXEC, v:1, k:fup@cortada, mode:FULL, rate:12
2026-05-11 05:24:59, EXEC, v:1, k:fup@cortada, mode:FULL, rate:15, size:15
2026-05-11 05:25:39, MOVE, v:1, k:fup@cortada, mode:BACK
