2026-04-27 01:29:18, MOVE, v:1, k:fup@max, mode:PICK
2026-04-27 01:31:52, MOVE, v:1, k:fup@max, mode:BACK
2026-04-27 01:40:32, MOVE, v:1, k:fup@abs, mode:PICK
2026-04-27 01:50:20, MOVE, v:1, k:fup@max, mode:EDIT
2026-04-27 01:58:05, EXEC, v:1, k:fup@abs, mode:FULL, rate:100
2026-04-27 01:58:12, EXEC, v:1, k:fup@abs, mode:FREE
2026-04-27 01:57:56, MOVE, v:1, k:fup@max, mode:EDIT
2026-04-27 01:58:12, MOVE, v:1, k:fup@abs, mode:EDIT
2026-04-27 01:58:52, EXEC, v:1, k:fup@abs, mode:FULL, rate:100
2026-04-27 01:58:55, EXEC, v:1, k:fup@abs, mode:FULL, rate:100
2026-04-27 01:58:57, EXEC, v:1, k:fup@abs, mode:FULL, rate:100
2026-04-27 02:00:16, MOVE, v:1, k:fup@abs, mode:BACK
2026-04-27 02:00:21, MOVE, v:1, k:fup@max, mode:PICK
2026-04-27 01:58:57, MOVE, v:1, k:fup@abs, mode:EDIT
2026-04-27 02:03:07, MOVE, v:1, k:fup@max, mode:EDIT
2026-04-27 02:05:20, EXEC, v:1, k:fup@max, mode:FULL, rate:0, size:21
2026-04-27 02:05:44, EXEC, v:1, k:fup@max, mode:FULL, rate:0
2026-04-27 02:05:49, EXEC, v:1, k:fup@max, mode:FREE
2026-04-27 02:06:31, EXEC, v:1, k:fup@max, mode:FULL, rate:100, size:16
2026-04-27 02:06:44, EXEC, v:1, k:fup@max, mode:FULL, rate:100
2026-04-27 02:06:46, EXEC, v:1, k:fup@max, mode:FREE
2026-04-27 02:07:47, MOVE, v:1, k:fup@max, mode:BACK
2026-04-27 02:07:40, MOVE, v:1, k:fup@max, mode:EDIT
2026-04-27 02:06:47, MOVE, v:1, k:fup@max, mode:EDIT
2026-04-27 02:08:40, SELF, v:1, k:fup@max, self:1, rate:100, study:30, concept:1
2026-04-27 02:08:46, MOVE, v:1, k:fup@ou, mode:DOWN
2026-04-27 02:08:50, MOVE, v:1, k:fup@ou, mode:PICK
2026-04-27 02:08:46, MOVE, v:1, k:fup@ou, mode:EDIT
2026-04-27 02:08:46, MOVE, v:1, k:fup@ou, mode:EDIT
2026-04-27 02:13:27, MOVE, v:1, k:fup@ou, mode:EDIT
2026-04-27 02:14:42, EXEC, v:1, k:fup@ou, mode:FULL, rate:0, size:12
2026-04-27 02:14:49, EXEC, v:1, k:fup@ou, mode:FREE
2026-04-27 02:15:02, EXEC, v:1, k:fup@ou, mode:FREE
2026-04-27 02:15:32, EXEC, v:1, k:fup@ou, mode:FULL, rate:100, size:12
2026-04-27 02:15:42, MOVE, v:1, k:fup@ou, mode:BACK
2026-04-27 02:18:28, SELF, v:1, k:fup@ou, self:1, rate:100, study:15
2026-04-27 02:15:38, MOVE, v:1, k:fup@ou, mode:EDIT
2026-04-27 02:15:32, MOVE, v:1, k:fup@ou, mode:EDIT
2026-04-27 02:18:41, MOVE, v:1, k:fup@positivo, mode:DOWN
2026-04-27 02:18:45, MOVE, v:1, k:fup@positivo, mode:PICK
2026-04-27 02:23:21, EXEC, v:1, k:fup@positivo, mode:FULL, rate:40, size:12
2026-04-27 02:18:41, MOVE, v:1, k:fup@positivo, mode:EDIT
2026-04-27 02:18:41, MOVE, v:1, k:fup@positivo, mode:EDIT
2026-04-27 02:23:18, MOVE, v:1, k:fup@positivo, mode:EDIT
2026-04-27 02:23:21, MOVE, v:1, k:fup@positivo, mode:EDIT
2026-04-27 02:23:47, EXEC, v:1, k:fup@positivo, mode:FREE
2026-04-27 02:24:11, EXEC, v:1, k:fup@positivo, mode:FULL, rate:0, size:14
2026-04-27 02:28:08, EXEC, v:1, k:fup@positivo, mode:FULL, rate:0, size:15
2026-04-27 02:28:27, EXEC, v:1, k:fup@positivo, mode:FULL, rate:100, size:15
2026-04-27 02:28:27, MOVE, v:1, k:fup@positivo, mode:EDIT
2026-04-27 02:28:24, MOVE, v:1, k:fup@positivo, mode:EDIT
2026-04-27 02:28:52, EXEC, v:1, k:fup@positivo, mode:FREE
2026-04-27 02:28:59, EXEC, v:1, k:fup@positivo, mode:FREE
2026-04-27 02:29:11, MOVE, v:1, k:fup@positivo, mode:BACK
2026-04-27 02:29:37, SELF, v:1, k:fup@positivo, self:1, rate:100, study:20
2026-04-27 02:30:02, MOVE, v:1, k:fup@multiplo, mode:DOWN
2026-04-27 02:30:06, MOVE, v:1, k:fup@multiplo, mode:PICK
2026-04-27 02:29:00, MOVE, v:1, k:fup@positivo, mode:EDIT
2026-04-27 02:30:02, MOVE, v:1, k:fup@multiplo, mode:EDIT
2026-04-27 02:30:02, MOVE, v:1, k:fup@multiplo, mode:EDIT
2026-04-27 02:30:11, MOVE, v:1, k:fup@positivo, mode:EDIT
2026-04-27 02:33:34, MOVE, v:1, k:fup@multiplo, mode:EDIT
2026-04-27 02:34:37, EXEC, v:1, k:fup@multiplo, mode:FULL, rate:100, size:12
2026-04-27 02:34:41, EXEC, v:1, k:fup@multiplo, mode:FREE
2026-04-27 02:35:37, MOVE, v:1, k:fup@multiplo, mode:BACK
2026-04-27 02:35:55, SELF, v:1, k:fup@multiplo, self:1, rate:100, study:10
2026-04-27 02:36:16, MOVE, v:1, k:fup@calc, mode:DOWN
2026-04-27 02:36:19, MOVE, v:1, k:fup@calc, mode:PICK
2026-04-27 02:35:29, MOVE, v:1, k:fup@multiplo, mode:EDIT
2026-04-27 02:34:53, MOVE, v:1, k:fup@multiplo, mode:EDIT
2026-04-27 02:36:16, MOVE, v:1, k:fup@calc, mode:EDIT
2026-04-27 02:36:16, MOVE, v:1, k:fup@calc, mode:EDIT
2026-04-27 02:38:31, MOVE, v:1, k:fup@calc, mode:EDIT
2026-04-27 02:41:50, MOVE, v:1, k:fup@calc, mode:EDIT
2026-04-27 02:48:37, MOVE, v:1, k:fup@calc, mode:EDIT
2026-04-27 02:50:32, EXEC, v:1, k:fup@calc, mode:FULL, rate:0, size:23
2026-04-27 02:50:26, MOVE, v:1, k:fup@calc, mode:EDIT
2026-04-27 02:50:32, MOVE, v:1, k:fup@calc, mode:EDIT
2026-04-27 02:57:52, EXEC, v:1, k:fup@calc, mode:FULL, size:24, fail:COMP
2026-04-27 02:58:33, MOVE, v:1, k:fup@calc, mode:EDIT
2026-04-27 02:58:41, EXEC, v:1, k:fup@calc, mode:FULL, size:24, fail:COMP
2026-04-27 03:03:35, MOVE, v:1, k:fup@calc, mode:EDIT
2026-04-27 03:04:12, EXEC, v:1, k:fup@calc, mode:FULL, rate:0, size:26
2026-04-27 03:08:26, EXEC, v:1, k:fup@calc, mode:FULL, rate:0, size:26
2026-04-27 03:08:37, MOVE, v:1, k:fup@calc, mode:EDIT
2026-04-27 03:08:26, MOVE, v:1, k:fup@calc, mode:EDIT
2026-04-27 03:11:06, EXEC, v:1, k:fup@calc, mode:FULL, rate:0, size:31
2026-04-27 03:11:29, EXEC, v:1, k:fup@calc, mode:FULL, rate:0, size:32
2026-04-27 03:12:47, EXEC, v:1, k:fup@calc, mode:FULL, rate:100, size:32
2026-04-27 03:13:01, MOVE, v:1, k:fup@calc, mode:BACK
2026-04-27 03:12:57, MOVE, v:1, k:fup@calc, mode:EDIT
2026-04-27 03:12:47, MOVE, v:1, k:fup@calc, mode:EDIT
2026-04-27 03:13:39, SELF, v:1, k:fup@calc, self:1, rate:100, study:40, concept:1
2026-04-27 03:14:14, MOVE, v:1, k:fup@calc, mode:PICK
2026-04-27 03:14:15, MOVE, v:1, k:fup@calc, mode:BACK
